{"message":"Error logged","stack":"Error: Error logged\n    at file:///media/aravinda/Documents/Dojo/Node.js/ratina/routes/rentals.js:12:9\n    at async file:///media/aravinda/Documents/Dojo/Node.js/ratina/middleware/async-safe-execution-handler.js:4:12","level":"error","timestamp":"2022-09-20T06:24:46.688Z"}
{"level":"info","message":"Listening on port 3000...","timestamp":"2022-09-20T08:25:33.572Z"}
{"level":"info","message":"Connected to MongoDB...","timestamp":"2022-09-20T08:25:33.594Z"}
{"message":"Configuration property \"db\" is not defined","stack":"Error: Configuration property \"db\" is not defined\n    at Config.get (/media/aravinda/Documents/Dojo/Node.js/ratina/node_modules/config/lib/config.js:181:11)\n    at dbconnection (file:///media/aravinda/Documents/Dojo/Node.js/ratina/index.js:34:27)\n    at file:///media/aravinda/Documents/Dojo/Node.js/ratina/index.js:18:3\n    at file:///media/aravinda/Documents/Dojo/Node.js/ratina/index.js:21:3\n    at ModuleJob.run (node:internal/modules/esm/module_job:193:25)\n    at async Promise.all (index 0)\n    at async ESMLoader.import (node:internal/modules/esm/loader:527:24)\n    at async loadESM (node:internal/process/esm_loader:91:5)\n    at async handleMainPromise (node:internal/modules/run_main:65:12)","level":"info","timestamp":"2022-09-21T00:04:22.978Z"}
{"message":"Configuration property \"db\" is not defined","stack":"Error: Configuration property \"db\" is not defined\n    at Config.get (/media/aravinda/Documents/Dojo/Node.js/ratina/node_modules/config/lib/config.js:181:11)\n    at dbconnection (file:///media/aravinda/Documents/Dojo/Node.js/ratina/index.js:34:27)\n    at file:///media/aravinda/Documents/Dojo/Node.js/ratina/index.js:18:3\n    at file:///media/aravinda/Documents/Dojo/Node.js/ratina/index.js:21:3\n    at ModuleJob.run (node:internal/modules/esm/module_job:193:25)\n    at async Promise.all (index 0)\n    at async ESMLoader.import (node:internal/modules/esm/loader:527:24)\n    at async loadESM (node:internal/process/esm_loader:91:5)\n    at async handleMainPromise (node:internal/modules/run_main:65:12)","level":"info","timestamp":"2022-09-21T00:05:17.521Z"}
{"level":"info","message":"Listening on port 3000...","timestamp":"2022-09-21T00:07:19.852Z"}
{"level":"info","message":"Connected to MongoDB...","timestamp":"2022-09-21T00:07:19.869Z"}
{"level":"info","message":"Listening on port 3000...","timestamp":"2022-09-21T00:07:32.600Z"}
{"level":"info","message":"Connected to MongoDB...","timestamp":"2022-09-21T00:07:32.620Z"}
{"level":"info","message":"Listening on port 3000...","timestamp":"2022-09-21T03:04:43.596Z"}
{"level":"info","message":"Connected to MongoDB...","timestamp":"2022-09-21T03:04:43.635Z"}
{"level":"info","message":"Listening on port 3000...","timestamp":"2022-09-21T03:16:42.000Z"}
{"level":"info","message":"Connected to MongoDB...","timestamp":"2022-09-21T03:16:42.040Z"}
{"level":"info","message":"Listening on port 3000...","timestamp":"2022-09-21T03:17:23.822Z"}
{"level":"info","message":"Connected to MongoDB...","timestamp":"2022-09-21T03:17:23.892Z"}
{"level":"info","message":"Listening on port 3000...","timestamp":"2022-09-21T03:17:30.522Z"}
{"level":"info","message":"Connected to MongoDB...","timestamp":"2022-09-21T03:17:30.555Z"}
{"level":"info","message":"Listening on port 3000...","timestamp":"2022-09-21T03:17:36.264Z"}
{"level":"info","message":"Connected to MongoDB...","timestamp":"2022-09-21T03:17:36.329Z"}
{"message":"Invalid Operation, no operations specified","name":"MongoError","driver":true,"stack":"MongoError: Invalid Operation, no operations specified\n    at Function.Object.<anonymous>.MongoError.create (/media/aravinda/Documents/Dojo/Node.js/ratina/node_modules/mongodb-core/lib/error.js:45:10)\n    at toError (/media/aravinda/Documents/Dojo/Node.js/ratina/node_modules/mongodb/lib/utils.js:149:22)\n    at OrderedBulkOperation.Object.<anonymous>.OrderedBulkOperation.execute (/media/aravinda/Documents/Dojo/Node.js/ratina/node_modules/mongodb/lib/bulk/ordered.js:589:27)\n    at bulkWrite (/media/aravinda/Documents/Dojo/Node.js/ratina/node_modules/mongodb/lib/collection.js:620:8)\n    at /media/aravinda/Documents/Dojo/Node.js/ratina/node_modules/mongodb/lib/utils.js:432:15\n    at Promise._execute (/media/aravinda/Documents/Dojo/Node.js/ratina/node_modules/bluebird/js/release/debuggability.js:300:9)\n    at Promise._resolveFromExecutor (/media/aravinda/Documents/Dojo/Node.js/ratina/node_modules/bluebird/js/release/promise.js:483:18)\n    at new Promise (/media/aravinda/Documents/Dojo/Node.js/ratina/node_modules/bluebird/js/release/promise.js:79:10)\n    at executeOperation (/media/aravinda/Documents/Dojo/Node.js/ratina/node_modules/mongodb/lib/utils.js:416:10)\n    at Collection.Object.<anonymous>.Collection.insertMany (/media/aravinda/Documents/Dojo/Node.js/ratina/node_modules/mongodb/lib/collection.js:505:10)\n    at NativeCollection.<computed> [as insertMany] (/media/aravinda/Documents/Dojo/Node.js/ratina/node_modules/mongoose/lib/drivers/node-mongodb-native/collection.js:139:28)\n    at NativeCollection.Object.<anonymous>.Collection.doQueue (/media/aravinda/Documents/Dojo/Node.js/ratina/node_modules/mongoose/lib/collection.js:126:30)\n    at Immediate._onImmediate (/media/aravinda/Documents/Dojo/Node.js/ratina/node_modules/mongoose/lib/collection.js:85:11)\n    at processImmediate (node:internal/timers:471:21)","level":"info","timestamp":"2022-09-21T03:17:36.330Z"}
{"level":"info","message":"Listening on port 3000...","timestamp":"2022-09-21T03:18:01.865Z"}
{"level":"info","message":"Connected to MongoDB...","timestamp":"2022-09-21T03:18:01.929Z"}
{"message":"Invalid Operation, no operations specified","name":"MongoError","driver":true,"stack":"MongoError: Invalid Operation, no operations specified\n    at Function.Object.<anonymous>.MongoError.create (/media/aravinda/Documents/Dojo/Node.js/ratina/node_modules/mongodb-core/lib/error.js:45:10)\n    at toError (/media/aravinda/Documents/Dojo/Node.js/ratina/node_modules/mongodb/lib/utils.js:149:22)\n    at OrderedBulkOperation.Object.<anonymous>.OrderedBulkOperation.execute (/media/aravinda/Documents/Dojo/Node.js/ratina/node_modules/mongodb/lib/bulk/ordered.js:589:27)\n    at bulkWrite (/media/aravinda/Documents/Dojo/Node.js/ratina/node_modules/mongodb/lib/collection.js:620:8)\n    at /media/aravinda/Documents/Dojo/Node.js/ratina/node_modules/mongodb/lib/utils.js:432:15\n    at Promise._execute (/media/aravinda/Documents/Dojo/Node.js/ratina/node_modules/bluebird/js/release/debuggability.js:300:9)\n    at Promise._resolveFromExecutor (/media/aravinda/Documents/Dojo/Node.js/ratina/node_modules/bluebird/js/release/promise.js:483:18)\n    at new Promise (/media/aravinda/Documents/Dojo/Node.js/ratina/node_modules/bluebird/js/release/promise.js:79:10)\n    at executeOperation (/media/aravinda/Documents/Dojo/Node.js/ratina/node_modules/mongodb/lib/utils.js:416:10)\n    at Collection.Object.<anonymous>.Collection.insertMany (/media/aravinda/Documents/Dojo/Node.js/ratina/node_modules/mongodb/lib/collection.js:505:10)\n    at NativeCollection.<computed> [as insertMany] (/media/aravinda/Documents/Dojo/Node.js/ratina/node_modules/mongoose/lib/drivers/node-mongodb-native/collection.js:139:28)\n    at NativeCollection.Object.<anonymous>.Collection.doQueue (/media/aravinda/Documents/Dojo/Node.js/ratina/node_modules/mongoose/lib/collection.js:126:30)\n    at Immediate._onImmediate (/media/aravinda/Documents/Dojo/Node.js/ratina/node_modules/mongoose/lib/collection.js:85:11)\n    at processImmediate (node:internal/timers:471:21)","level":"info","timestamp":"2022-09-21T03:18:01.929Z"}
{"level":"info","message":"Listening on port 3000...","timestamp":"2022-09-21T03:18:17.759Z"}
{"level":"info","message":"Connected to MongoDB...","timestamp":"2022-09-21T03:18:17.879Z"}
{"level":"info","message":"Listening on port 3000...","timestamp":"2022-09-21T03:18:39.120Z"}
{"level":"info","message":"Connected to MongoDB...","timestamp":"2022-09-21T03:18:39.161Z"}
{"level":"info","message":"Listening on port 3000...","timestamp":"2022-09-21T03:22:23.642Z"}
{"level":"info","message":"Connected to MongoDB...","timestamp":"2022-09-21T03:22:23.721Z"}
{"level":"info","message":"Listening on port 3000...","timestamp":"2022-09-21T03:22:32.297Z"}
{"level":"info","message":"Connected to MongoDB...","timestamp":"2022-09-21T03:22:32.330Z"}
{"level":"info","message":"Listening on port 3000...","timestamp":"2022-09-21T04:52:37.165Z"}
{"level":"info","message":"Connected to MongoDB...","timestamp":"2022-09-21T04:52:37.226Z"}
{"level":"info","message":"Listening on port 3000...","timestamp":"2022-09-21T04:53:59.116Z"}
{"level":"info","message":"Connected to MongoDB...","timestamp":"2022-09-21T04:53:59.157Z"}
{"level":"info","message":"Listening on port 3000...","timestamp":"2022-09-21T04:57:07.632Z"}
{"level":"info","message":"Connected to mongodb://localhost/test","timestamp":"2022-09-21T04:57:07.671Z"}
{"level":"info","message":"Listening on port 3000...","timestamp":"2022-09-21T05:02:13.137Z"}
{"level":"info","message":"Connected to mongodb://localhost/test","timestamp":"2022-09-21T05:02:13.173Z"}
{"level":"info","message":"Listening on port 3000...","timestamp":"2022-09-21T05:17:35.772Z"}
{"level":"info","message":"Connected to mongodb://localhost/test","timestamp":"2022-09-21T05:17:35.808Z"}
{"level":"info","message":"Listening on port 3000...","timestamp":"2022-09-21T05:21:39.385Z"}
{"level":"info","message":"Connected to mongodb://localhost/test","timestamp":"2022-09-21T05:21:39.421Z"}
{"level":"info","message":"Listening on port 3000...","timestamp":"2022-09-21T05:32:17.927Z"}
{"level":"info","message":"Connected to mongodb://localhost/test","timestamp":"2022-09-21T05:32:17.961Z"}
{"level":"info","message":"Listening on port 3000...","timestamp":"2022-09-21T05:32:25.428Z"}
{"level":"info","message":"Connected to mongodb://localhost/test","timestamp":"2022-09-21T05:32:25.491Z"}
{"level":"info","message":"Listening on port 3000...","timestamp":"2022-09-21T05:34:45.560Z"}
{"level":"info","message":"Connected to mongodb://localhost/test","timestamp":"2022-09-21T05:34:45.605Z"}
{"level":"info","message":"Listening on port 3000...","timestamp":"2022-09-21T05:35:25.012Z"}
{"level":"info","message":"Connected to mongodb://localhost/test","timestamp":"2022-09-21T05:35:25.046Z"}
{"level":"info","message":"Listening on port 3000...","timestamp":"2022-09-21T05:48:33.910Z"}
{"level":"info","message":"Connected to mongodb://localhost/test","timestamp":"2022-09-21T05:48:33.944Z"}
{"level":"info","message":"Listening on port 3000...","timestamp":"2022-09-21T05:50:11.763Z"}
{"level":"info","message":"Connected to mongodb://localhost/test","timestamp":"2022-09-21T05:50:11.806Z"}
{"level":"info","message":"Listening on port 3000...","timestamp":"2022-09-21T05:50:36.603Z"}
{"level":"info","message":"Connected to mongodb://localhost/test","timestamp":"2022-09-21T05:50:36.628Z"}
{"level":"info","message":"Listening on port 3000...","timestamp":"2022-09-21T05:51:52.047Z"}
{"level":"info","message":"Connected to mongodb://localhost/test","timestamp":"2022-09-21T05:51:52.099Z"}
{"level":"info","message":"Listening on port 3000...","timestamp":"2022-09-21T05:52:09.886Z"}
{"level":"info","message":"Connected to mongodb://localhost/test","timestamp":"2022-09-21T05:52:09.953Z"}
{"level":"info","message":"Listening on port 3000...","timestamp":"2022-09-21T05:52:23.251Z"}
{"level":"info","message":"Connected to mongodb://localhost/test","timestamp":"2022-09-21T05:52:23.315Z"}
{"level":"info","message":"Listening on port 3000...","timestamp":"2022-09-21T06:00:58.777Z"}
{"level":"info","message":"Connected to mongodb://localhost/test","timestamp":"2022-09-21T06:00:58.834Z"}
{"level":"info","message":"Listening on port 3000...","timestamp":"2022-09-21T06:58:04.128Z"}
{"level":"info","message":"Connected to mongodb://localhost/test","timestamp":"2022-09-21T06:58:04.147Z"}
{"level":"info","message":"Listening on port 3000...","timestamp":"2022-09-21T06:58:20.761Z"}
{"level":"info","message":"Connected to mongodb://localhost/test","timestamp":"2022-09-21T06:58:20.803Z"}
{"level":"info","message":"Listening on port 3000...","timestamp":"2022-09-21T06:58:39.653Z"}
{"level":"info","message":"Connected to mongodb://localhost/test","timestamp":"2022-09-21T06:58:39.708Z"}
{"level":"info","message":"Listening on port 3000...","timestamp":"2022-09-21T06:58:51.884Z"}
{"level":"info","message":"Connected to mongodb://localhost/test","timestamp":"2022-09-21T06:58:51.931Z"}
{"level":"info","message":"Listening on port 3000...","timestamp":"2022-09-21T06:59:00.159Z"}
{"level":"info","message":"Connected to mongodb://localhost/test","timestamp":"2022-09-21T06:59:00.188Z"}
{"level":"info","message":"Listening on port 3000...","timestamp":"2022-09-21T06:59:18.802Z"}
{"level":"info","message":"Connected to mongodb://localhost/test","timestamp":"2022-09-21T06:59:18.846Z"}
{"level":"info","message":"Listening on port 3000...","timestamp":"2022-09-21T07:00:03.331Z"}
{"level":"info","message":"Connected to mongodb://localhost/test","timestamp":"2022-09-21T07:00:03.385Z"}
{"level":"info","message":"Listening on port 3000...","timestamp":"2022-09-21T07:01:24.083Z"}
{"level":"info","message":"Connected to mongodb://localhost/test","timestamp":"2022-09-21T07:01:24.121Z"}
{"level":"info","message":"Listening on port 3000...","timestamp":"2022-09-21T07:02:10.188Z"}
{"level":"info","message":"Connected to mongodb://localhost/test","timestamp":"2022-09-21T07:02:10.229Z"}
{"level":"info","message":"Listening on port 3000...","timestamp":"2022-09-21T07:02:37.378Z"}
{"level":"info","message":"Connected to mongodb://localhost/test","timestamp":"2022-09-21T07:02:37.410Z"}
{"level":"info","message":"Listening on port 3000...","timestamp":"2022-09-21T07:02:47.534Z"}
{"level":"info","message":"Connected to mongodb://localhost/test","timestamp":"2022-09-21T07:02:47.601Z"}
{"level":"info","message":"Listening on port 3000...","timestamp":"2022-09-21T07:03:04.790Z"}
{"level":"info","message":"Connected to mongodb://localhost/test","timestamp":"2022-09-21T07:03:04.872Z"}
{"level":"info","message":"Listening on port 3000...","timestamp":"2022-09-21T07:03:34.663Z"}
{"level":"info","message":"Connected to mongodb://localhost/test","timestamp":"2022-09-21T07:03:34.733Z"}
{"level":"info","message":"Listening on port 3000...","timestamp":"2022-09-21T07:04:27.880Z"}
{"level":"info","message":"Connected to mongodb://localhost/test","timestamp":"2022-09-21T07:04:27.918Z"}
{"level":"info","message":"Listening on port 3000...","timestamp":"2022-09-21T07:05:12.896Z"}
{"level":"info","message":"Connected to mongodb://localhost/test","timestamp":"2022-09-21T07:05:12.932Z"}
{"level":"info","message":"Listening on port 3000...","timestamp":"2022-09-21T07:06:08.837Z"}
{"level":"info","message":"Connected to mongodb://localhost/test","timestamp":"2022-09-21T07:06:08.904Z"}
{"level":"info","message":"Listening on port 3000...","timestamp":"2022-09-21T07:06:25.853Z"}
{"level":"info","message":"Connected to mongodb://localhost/test","timestamp":"2022-09-21T07:06:25.892Z"}
{"level":"info","message":"Listening on port 3000...","timestamp":"2022-09-21T07:09:38.877Z"}
{"level":"info","message":"Connected to mongodb://localhost/test","timestamp":"2022-09-21T07:09:38.917Z"}
{"level":"info","message":"Listening on port 3000...","timestamp":"2022-09-21T07:10:41.990Z"}
{"level":"info","message":"Connected to mongodb://localhost/test","timestamp":"2022-09-21T07:10:42.023Z"}
{"level":"info","message":"Listening on port 3000...","timestamp":"2022-09-21T07:10:54.710Z"}
{"level":"info","message":"Connected to mongodb://localhost/test","timestamp":"2022-09-21T07:10:54.785Z"}
{"level":"info","message":"Listening on port 3000...","timestamp":"2022-09-21T07:11:12.614Z"}
{"level":"info","message":"Connected to mongodb://localhost/test","timestamp":"2022-09-21T07:11:12.689Z"}
{"level":"info","message":"Listening on port 3000...","timestamp":"2022-09-21T07:11:34.964Z"}
{"level":"info","message":"Connected to mongodb://localhost/test","timestamp":"2022-09-21T07:11:35.005Z"}
{"level":"info","message":"Listening on port 3000...","timestamp":"2022-09-21T07:42:24.929Z"}
{"level":"info","message":"Connected to mongodb://localhost/test","timestamp":"2022-09-21T07:42:24.999Z"}
{"level":"info","message":"Listening on port 3000...","timestamp":"2022-09-21T07:42:36.017Z"}
{"level":"info","message":"Connected to mongodb://localhost/test","timestamp":"2022-09-21T07:42:36.059Z"}
{"level":"info","message":"Listening on port 3000...","timestamp":"2022-09-21T07:42:46.811Z"}
{"level":"info","message":"Connected to mongodb://localhost/test","timestamp":"2022-09-21T07:42:46.849Z"}
{"level":"info","message":"Listening on port 3000...","timestamp":"2022-09-21T07:44:12.803Z"}
{"level":"info","message":"Connected to mongodb://localhost/test","timestamp":"2022-09-21T07:44:12.845Z"}
{"level":"info","message":"Listening on port 3000...","timestamp":"2022-09-21T07:47:48.833Z"}
{"level":"info","message":"Connected to mongodb://localhost/test","timestamp":"2022-09-21T07:47:48.869Z"}
{"level":"info","message":"Listening on port 3000...","timestamp":"2022-09-21T07:48:56.022Z"}
{"level":"info","message":"Connected to mongodb://localhost/test","timestamp":"2022-09-21T07:48:56.076Z"}
{"level":"info","message":"Listening on port 3000...","timestamp":"2022-09-21T07:50:23.046Z"}
{"level":"info","message":"Connected to mongodb://localhost/test","timestamp":"2022-09-21T07:50:23.080Z"}
{"level":"info","message":"Listening on port 3000...","timestamp":"2022-09-21T07:51:25.615Z"}
{"level":"info","message":"Connected to mongodb://localhost/test","timestamp":"2022-09-21T07:51:25.660Z"}
{"level":"info","message":"Listening on port 3000...","timestamp":"2022-09-21T07:52:08.679Z"}
{"level":"info","message":"Connected to mongodb://localhost/test","timestamp":"2022-09-21T07:52:08.733Z"}
{"level":"info","message":"Listening on port 3000...","timestamp":"2022-09-21T08:08:16.854Z"}
{"level":"info","message":"Connected to mongodb://localhost/test","timestamp":"2022-09-21T08:08:16.886Z"}
{"level":"info","message":"Listening on port 3000...","timestamp":"2022-09-21T08:09:10.139Z"}
{"level":"info","message":"Connected to mongodb://localhost/test","timestamp":"2022-09-21T08:09:10.191Z"}
{"level":"info","message":"Listening on port 3000...","timestamp":"2022-09-21T08:10:01.116Z"}
{"level":"info","message":"Connected to mongodb://localhost/test","timestamp":"2022-09-21T08:10:01.152Z"}
{"level":"info","message":"Listening on port 3000...","timestamp":"2022-09-21T08:10:18.938Z"}
{"level":"info","message":"Connected to mongodb://localhost/test","timestamp":"2022-09-21T08:10:18.976Z"}
{"level":"info","message":"Listening on port 3000...","timestamp":"2022-09-21T08:10:29.530Z"}
{"level":"info","message":"Connected to mongodb://localhost/test","timestamp":"2022-09-21T08:10:29.563Z"}
{"level":"info","message":"Listening on port 3000...","timestamp":"2022-09-21T08:10:40.548Z"}
{"level":"info","message":"Connected to mongodb://localhost/test","timestamp":"2022-09-21T08:10:40.581Z"}
